<?xml version="1.0" encoding="UTF-8"?>
<!-- Generated by org.testng.reporters.JUnitReportReporter -->
<testsuite skipped="0" hostname="Vinod" name="Execute.SendEmailJava" tests="1" failures="0" timestamp="22 May 2018 08:27:37 GMT" time="0.020" errors="0">
  <testcase name="Sum" time="0.020" classname="Execute.SendEmailJava"/>
</testsuite> <!-- Execute.SendEmailJava -->
