<?xml version="1.0" encoding="UTF-8"?>
<!-- Generated by org.testng.reporters.JUnitReportReporter -->
<testsuite skipped="0" hostname="Vinod" name="Execute.Demo" tests="1" failures="0" timestamp="22 May 2018 08:32:29 GMT" time="0.017" errors="0">
  <testcase name="Sum" time="0.017" classname="Execute.Demo"/>
</testsuite> <!-- Execute.Demo -->
