<?xml version="1.0" encoding="UTF-8"?>
<!-- Generated by org.testng.reporters.JUnitReportReporter -->
<testsuite skipped="0" hostname="Vinod" name="Execute.Demo" tests="2" failures="0" timestamp="20 May 2018 12:07:31 GMT" time="0.071" errors="0">
  <testcase name="Sub" time="0.068" classname="Execute.Demo"/>
  <testcase name="sum" time="0.003" classname="Execute.Demo"/>
</testsuite> <!-- Execute.Demo -->
